<?xml version="1.0" encoding="UTF-8"?>
<testsuite name="test.ArrayTest" tests="5" skipped="0" failures="0" errors="0" timestamp="2021-07-12T00:16:58" hostname="DESKTOP-0L6B4BR" time="0.033">
  <properties/>
  <testcase name="addElementsOnSamePosition()" classname="test.ArrayTest" time="0.024"/>
  <testcase name="remove()" classname="test.ArrayTest" time="0.001"/>
  <testcase name="add()" classname="test.ArrayTest" time="0.002"/>
  <testcase name="have()" classname="test.ArrayTest" time="0.001"/>
  <testcase name="size()" classname="test.ArrayTest" time="0.001"/>
  <system-out><![CDATA[]]></system-out>
  <system-err><![CDATA[]]></system-err>
</testsuite>
